# JRE version: OpenJDK Runtime Environment Temurin-21.0.10+7 (21.0.10+7) (build 21.0.10+7-LTS)
# Java VM: OpenJDK 64-Bit Server VM Temurin-21.0.10+7 (21.0.10+7-LTS, mixed mode, sharing, tiered, compressed oops, compressed class ptrs, parallel gc, windows-amd64)
GC Precious Log:
 CardTable entry size: 512
 CPUs: 16 total, 16 available
 Memory: 7583M
 Large Page Support: Disabled
 NUMA Support: Disabled
 Compressed Oops: Enabled (32-bit)
 Alignments: Space 512K, Generation 512K, Heap 2M
 Heap Min Capacity: 100M
 Heap Initial Capacity: 100M
 Heap Max Capacity: 2G
 Pre-touch: Disabled
 Parallel Workers: 13
Heap:
 PSYoungGen      total 124928K, used 79247K [0x00000000d5580000, 0x00000000dd080000, 0x0000000100000000)
  eden space 123392K, 63% used [0x00000000d5580000,0x00000000da25ec70,0x00000000dce00000)
  from space 1536K, 34% used [0x00000000dcf00000,0x00000000dcf85200,0x00000000dd080000)
  to   space 1024K, 0% used [0x00000000dce00000,0x00000000dce00000,0x00000000dcf00000)
 ParOldGen       total 964608K, used 964229K [0x0000000080000000, 0x00000000bae00000, 0x00000000d5580000)
  object space 964608K, 99% used [0x0000000080000000,0x00000000bada1560,0x00000000bae00000)
 Metaspace       used 81702K, committed 83456K, reserved 1179648K
  class space    used 8586K, committed 9280K, reserved 1048576K
GC Heap History (20 events):
Event: 47.191 GC heap before
{Heap before GC invocations=1188 (full 3):
 PSYoungGen      total 53248K, used 52744K [0x00000000d5580000, 0x00000000d8f00000, 0x0000000100000000)
  eden space 50688K, 100% used [0x00000000d5580000,0x00000000d8700000,0x00000000d8700000)
  from space 2560K, 80% used [0x00000000d8c80000,0x00000000d8e82388,0x00000000d8f00000)
  to   space 3584K, 0% used [0x00000000d8800000,0x00000000d8800000,0x00000000d8b80000)
 ParOldGen       total 952320K, used 951861K [0x0000000080000000, 0x00000000ba200000, 0x00000000d5580000)
  object space 952320K, 99% used [0x0000000080000000,0x00000000ba18d698,0x00000000ba200000)
 Metaspace       used 81438K, committed 83200K, reserved 1179648K
  class space    used 8574K, committed 9280K, reserved 1048576K
}
Event: 47.205 GC heap after
{Heap after GC invocations=1188 (full 3):
 PSYoungGen      total 55296K, used 3580K [0x00000000d5580000, 0x00000000d9f00000, 0x0000000100000000)
  eden space 51712K, 0% used [0x00000000d5580000,0x00000000d5580000,0x00000000d8800000)
  from space 3584K, 99% used [0x00000000d8800000,0x00000000d8b7f220,0x00000000d8b80000)
  to   space 7168K, 0% used [0x00000000d9800000,0x00000000d9800000,0x00000000d9f00000)
 ParOldGen       total 954368K, used 954241K [0x0000000080000000, 0x00000000ba400000, 0x00000000d5580000)
  object space 954368K, 99% used [0x0000000080000000,0x00000000ba3e0518,0x00000000ba400000)
 Metaspace       used 81438K, committed 83200K, reserved 1179648K
  class space    used 8574K, committed 9280K, reserved 1048576K
}
Event: 47.283 GC heap before
{Heap before GC invocations=1189 (full 3):
 PSYoungGen      total 55296K, used 55292K [0x00000000d5580000, 0x00000000d9f00000, 0x0000000100000000)
  eden space 51712K, 100% used [0x00000000d5580000,0x00000000d8800000,0x00000000d8800000)
  from space 3584K, 99% used [0x00000000d8800000,0x00000000d8b7f220,0x00000000d8b80000)
  to   space 7168K, 0% used [0x00000000d9800000,0x00000000d9800000,0x00000000d9f00000)
 ParOldGen       total 954368K, used 954241K [0x0000000080000000, 0x00000000ba400000, 0x00000000d5580000)
  object space 954368K, 99% used [0x0000000080000000,0x00000000ba3e0518,0x00000000ba400000)
 Metaspace       used 81438K, committed 83200K, reserved 1179648K
  class space    used 8574K, committed 9280K, reserved 1048576K
}
Event: 47.354 GC heap after
{Heap after GC invocations=1189 (full 3):
 PSYoungGen      total 68608K, used 5972K [0x00000000d5580000, 0x00000000d9e80000, 0x0000000100000000)
  eden space 61952K, 0% used [0x00000000d5580000,0x00000000d5580000,0x00000000d9200000)
  from space 6656K, 89% used [0x00000000d9800000,0x00000000d9dd51e0,0x00000000d9e80000)
  to   space 6144K, 0% used [0x00000000d9200000,0x00000000d9200000,0x00000000d9800000)
 ParOldGen       total 956416K, used 956229K [0x0000000080000000, 0x00000000ba600000, 0x00000000d5580000)
  object space 956416K, 99% used [0x0000000080000000,0x00000000ba5d1528,0x00000000ba600000)
 Metaspace       used 81438K, committed 83200K, reserved 1179648K
  class space    used 8574K, committed 9280K, reserved 1048576K
}
Event: 47.502 GC heap before
{Heap before GC invocations=1190 (full 3):
 PSYoungGen      total 68608K, used 67924K [0x00000000d5580000, 0x00000000d9e80000, 0x0000000100000000)
  eden space 61952K, 100% used [0x00000000d5580000,0x00000000d9200000,0x00000000d9200000)
  from space 6656K, 89% used [0x00000000d9800000,0x00000000d9dd51e0,0x00000000d9e80000)
  to   space 6144K, 0% used [0x00000000d9200000,0x00000000d9200000,0x00000000d9800000)
 ParOldGen       total 956416K, used 956229K [0x0000000080000000, 0x00000000ba600000, 0x00000000d5580000)
  object space 956416K, 99% used [0x0000000080000000,0x00000000ba5d1528,0x00000000ba600000)
 Metaspace       used 81448K, committed 83264K, reserved 1179648K
  class space    used 8575K, committed 9280K, reserved 1048576K
}
Event: 47.629 GC heap after
{Heap after GC invocations=1190 (full 3):
 PSYoungGen      total 68096K, used 2657K [0x00000000d5580000, 0x00000000da680000, 0x0000000100000000)
  eden space 61952K, 0% used [0x00000000d5580000,0x00000000d5580000,0x00000000d9200000)
  from space 6144K, 43% used [0x00000000d9200000,0x00000000d9498438,0x00000000d9800000)
  to   space 4096K, 0% used [0x00000000da280000,0x00000000da280000,0x00000000da680000)
 ParOldGen       total 956928K, used 956757K [0x0000000080000000, 0x00000000ba680000, 0x00000000d5580000)
  object space 956928K, 99% used [0x0000000080000000,0x00000000ba655528,0x00000000ba680000)
 Metaspace       used 81448K, committed 83264K, reserved 1179648K
  class space    used 8575K, committed 9280K, reserved 1048576K
}
Event: 47.720 GC heap before
{Heap before GC invocations=1191 (full 3):
 PSYoungGen      total 68096K, used 64609K [0x00000000d5580000, 0x00000000da680000, 0x0000000100000000)
  eden space 61952K, 100% used [0x00000000d5580000,0x00000000d9200000,0x00000000d9200000)
  from space 6144K, 43% used [0x00000000d9200000,0x00000000d9498438,0x00000000d9800000)
  to   space 4096K, 0% used [0x00000000da280000,0x00000000da280000,0x00000000da680000)
 ParOldGen       total 956928K, used 956757K [0x0000000080000000, 0x00000000ba680000, 0x00000000d5580000)
  object space 956928K, 99% used [0x0000000080000000,0x00000000ba655528,0x00000000ba680000)
 Metaspace       used 81449K, committed 83264K, reserved 1179648K
  class space    used 8575K, committed 9280K, reserved 1048576K
}
Event: 47.784 GC heap after
{Heap after GC invocations=1191 (full 3):
 PSYoungGen      total 77824K, used 4072K [0x00000000d5580000, 0x00000000da880000, 0x0000000100000000)
  eden space 73728K, 0% used [0x00000000d5580000,0x00000000d5580000,0x00000000d9d80000)
  from space 4096K, 99% used [0x00000000da280000,0x00000000da67a0a0,0x00000000da680000)
  to   space 5120K, 0% used [0x00000000d9d80000,0x00000000d9d80000,0x00000000da280000)
 ParOldGen       total 957440K, used 957398K [0x0000000080000000, 0x00000000ba700000, 0x00000000d5580000)
  object space 957440K, 99% used [0x0000000080000000,0x00000000ba6f5938,0x00000000ba700000)
 Metaspace       used 81449K, committed 83264K, reserved 1179648K
  class space    used 8575K, committed 9280K, reserved 1048576K
}
Event: 47.967 GC heap before
{Heap before GC invocations=1192 (full 3):
 PSYoungGen      total 77824K, used 77800K [0x00000000d5580000, 0x00000000da880000, 0x0000000100000000)
  eden space 73728K, 100% used [0x00000000d5580000,0x00000000d9d80000,0x00000000d9d80000)
  from space 4096K, 99% used [0x00000000da280000,0x00000000da67a0a0,0x00000000da680000)
  to   space 5120K, 0% used [0x00000000d9d80000,0x00000000d9d80000,0x00000000da280000)
 ParOldGen       total 957440K, used 957398K [0x0000000080000000, 0x00000000ba700000, 0x00000000d5580000)
  object space 957440K, 99% used [0x0000000080000000,0x00000000ba6f5938,0x00000000ba700000)
 Metaspace       used 81464K, committed 83264K, reserved 1179648K
  class space    used 8577K, committed 9280K, reserved 1048576K
}
Event: 48.002 GC heap after
{Heap after GC invocations=1192 (full 3):
 PSYoungGen      total 78848K, used 1609K [0x00000000d5580000, 0x00000000db200000, 0x0000000100000000)
  eden space 73728K, 0% used [0x00000000d5580000,0x00000000d5580000,0x00000000d9d80000)
  from space 5120K, 31% used [0x00000000d9d80000,0x00000000d9f127e0,0x00000000da280000)
  to   space 3072K, 0% used [0x00000000daf00000,0x00000000daf00000,0x00000000db200000)
 ParOldGen       total 958464K, used 957958K [0x0000000080000000, 0x00000000ba800000, 0x00000000d5580000)
  object space 958464K, 99% used [0x0000000080000000,0x00000000ba781938,0x00000000ba800000)
 Metaspace       used 81464K, committed 83264K, reserved 1179648K
  class space    used 8577K, committed 9280K, reserved 1048576K
}
Event: 48.173 GC heap before
{Heap before GC invocations=1193 (full 3):
 PSYoungGen      total 78848K, used 75337K [0x00000000d5580000, 0x00000000db200000, 0x0000000100000000)
  eden space 73728K, 100% used [0x00000000d5580000,0x00000000d9d80000,0x00000000d9d80000)
  from space 5120K, 31% used [0x00000000d9d80000,0x00000000d9f127e0,0x00000000da280000)
  to   space 3072K, 0% used [0x00000000daf00000,0x00000000daf00000,0x00000000db200000)
 ParOldGen       total 958464K, used 957958K [0x0000000080000000, 0x00000000ba800000, 0x00000000d5580000)
  object space 958464K, 99% used [0x0000000080000000,0x00000000ba781938,0x00000000ba800000)
 Metaspace       used 81466K, committed 83264K, reserved 1179648K
  class space    used 8577K, committed 9280K, reserved 1048576K
}
Event: 48.236 GC heap after
{Heap after GC invocations=1193 (full 3):
 PSYoungGen      total 88064K, used 3048K [0x00000000d5580000, 0x00000000db900000, 0x0000000100000000)
  eden space 84992K, 0% used [0x00000000d5580000,0x00000000d5580000,0x00000000da880000)
  from space 3072K, 99% used [0x00000000daf00000,0x00000000db1fa340,0x00000000db200000)
  to   space 6656K, 0% used [0x00000000da880000,0x00000000da880000,0x00000000daf00000)
 ParOldGen       total 960512K, used 960458K [0x0000000080000000, 0x00000000baa00000, 0x00000000d5580000)
  object space 960512K, 99% used [0x0000000080000000,0x00000000ba9f2b70,0x00000000baa00000)
 Metaspace       used 81466K, committed 83264K, reserved 1179648K
  class space    used 8577K, committed 9280K, reserved 1048576K
}
Event: 48.390 GC heap before
{Heap before GC invocations=1194 (full 3):
 PSYoungGen      total 88064K, used 88040K [0x00000000d5580000, 0x00000000db900000, 0x0000000100000000)
  eden space 84992K, 100% used [0x00000000d5580000,0x00000000da880000,0x00000000da880000)
  from space 3072K, 99% used [0x00000000daf00000,0x00000000db1fa340,0x00000000db200000)
  to   space 6656K, 0% used [0x00000000da880000,0x00000000da880000,0x00000000daf00000)
 ParOldGen       total 960512K, used 960458K [0x0000000080000000, 0x00000000baa00000, 0x00000000d5580000)
  object space 960512K, 99% used [0x0000000080000000,0x00000000ba9f2b70,0x00000000baa00000)
 Metaspace       used 81466K, committed 83264K, reserved 1179648K
  class space    used 8577K, committed 9280K, reserved 1048576K
}
Event: 48.477 GC heap after
{Heap after GC invocations=1194 (full 3):
 PSYoungGen      total 91648K, used 660K [0x00000000d5580000, 0x00000000dbe80000, 0x0000000100000000)
  eden space 84992K, 0% used [0x00000000d5580000,0x00000000d5580000,0x00000000da880000)
  from space 6656K, 9% used [0x00000000da880000,0x00000000da925200,0x00000000daf00000)
  to   space 2560K, 0% used [0x00000000dbc00000,0x00000000dbc00000,0x00000000dbe80000)
 ParOldGen       total 962560K, used 962248K [0x0000000080000000, 0x00000000bac00000, 0x00000000d5580000)
  object space 962560K, 99% used [0x0000000080000000,0x00000000babb2158,0x00000000bac00000)
 Metaspace       used 81466K, committed 83264K, reserved 1179648K
  class space    used 8577K, committed 9280K, reserved 1048576K
}
Event: 48.812 GC heap before
{Heap before GC invocations=1195 (full 3):
 PSYoungGen      total 91648K, used 85652K [0x00000000d5580000, 0x00000000dbe80000, 0x0000000100000000)
  eden space 84992K, 100% used [0x00000000d5580000,0x00000000da880000,0x00000000da880000)
  from space 6656K, 9% used [0x00000000da880000,0x00000000da925200,0x00000000daf00000)
  to   space 2560K, 0% used [0x00000000dbc00000,0x00000000dbc00000,0x00000000dbe80000)
 ParOldGen       total 962560K, used 962248K [0x0000000080000000, 0x00000000bac00000, 0x00000000d5580000)
  object space 962560K, 99% used [0x0000000080000000,0x00000000babb2158,0x00000000bac00000)
 Metaspace       used 81499K, committed 83264K, reserved 1179648K
  class space    used 8577K, committed 9280K, reserved 1048576K
}
Event: 48.885 GC heap after
{Heap after GC invocations=1195 (full 3):
 PSYoungGen      total 104448K, used 1600K [0x00000000d5580000, 0x00000000dbe00000, 0x0000000100000000)
  eden space 102400K, 0% used [0x00000000d5580000,0x00000000d5580000,0x00000000db980000)
  from space 2048K, 78% used [0x00000000dbc00000,0x00000000dbd90000,0x00000000dbe00000)
  to   space 2048K, 0% used [0x00000000dba00000,0x00000000dba00000,0x00000000dbc00000)
 ParOldGen       total 962560K, used 962544K [0x0000000080000000, 0x00000000bac00000, 0x00000000d5580000)
  object space 962560K, 99% used [0x0000000080000000,0x00000000babfc158,0x00000000bac00000)
 Metaspace       used 81499K, committed 83264K, reserved 1179648K
  class space    used 8577K, committed 9280K, reserved 1048576K
}
Event: 49.099 GC heap before
{Heap before GC invocations=1196 (full 3):
 PSYoungGen      total 104448K, used 104000K [0x00000000d5580000, 0x00000000dbe00000, 0x0000000100000000)
  eden space 102400K, 100% used [0x00000000d5580000,0x00000000db980000,0x00000000db980000)
  from space 2048K, 78% used [0x00000000dbc00000,0x00000000dbd90000,0x00000000dbe00000)
  to   space 2048K, 0% used [0x00000000dba00000,0x00000000dba00000,0x00000000dbc00000)
 ParOldGen       total 962560K, used 962544K [0x0000000080000000, 0x00000000bac00000, 0x00000000d5580000)
  object space 962560K, 99% used [0x0000000080000000,0x00000000babfc158,0x00000000bac00000)
 Metaspace       used 81545K, committed 83264K, reserved 1179648K
  class space    used 8577K, committed 9280K, reserved 1048576K
}
Event: 49.151 GC heap after
{Heap after GC invocations=1196 (full 3):
 PSYoungGen      total 104960K, used 1168K [0x00000000d5580000, 0x00000000dd080000, 0x0000000100000000)
  eden space 102912K, 0% used [0x00000000d5580000,0x00000000d5580000,0x00000000dba00000)
  from space 2048K, 57% used [0x00000000dba00000,0x00000000dbb242b8,0x00000000dbc00000)
  to   space 1536K, 0% used [0x00000000dcf00000,0x00000000dcf00000,0x00000000dd080000)
 ParOldGen       total 963584K, used 963490K [0x0000000080000000, 0x00000000bad00000, 0x00000000d5580000)
  object space 963584K, 99% used [0x0000000080000000,0x00000000bace89d8,0x00000000bad00000)
 Metaspace       used 81545K, committed 83264K, reserved 1179648K
  class space    used 8577K, committed 9280K, reserved 1048576K
}
Event: 49.522 GC heap before
{Heap before GC invocations=1197 (full 3):
 PSYoungGen      total 104960K, used 104080K [0x00000000d5580000, 0x00000000dd080000, 0x0000000100000000)
  eden space 102912K, 100% used [0x00000000d5580000,0x00000000dba00000,0x00000000dba00000)
  from space 2048K, 57% used [0x00000000dba00000,0x00000000dbb242b8,0x00000000dbc00000)
  to   space 1536K, 0% used [0x00000000dcf00000,0x00000000dcf00000,0x00000000dd080000)
 ParOldGen       total 963584K, used 963490K [0x0000000080000000, 0x00000000bad00000, 0x00000000d5580000)
  object space 963584K, 99% used [0x0000000080000000,0x00000000bace89d8,0x00000000bad00000)
 Metaspace       used 81597K, committed 83328K, reserved 1179648K
  class space    used 8577K, committed 9280K, reserved 1048576K
}
Event: 49.630 GC heap after
{Heap after GC invocations=1197 (full 3):
 PSYoungGen      total 124928K, used 532K [0x00000000d5580000, 0x00000000dd080000, 0x0000000100000000)
  eden space 123392K, 0% used [0x00000000d5580000,0x00000000d5580000,0x00000000dce00000)
  from space 1536K, 34% used [0x00000000dcf00000,0x00000000dcf85200,0x00000000dd080000)
  to   space 1024K, 0% used [0x00000000dce00000,0x00000000dce00000,0x00000000dcf00000)
 ParOldGen       total 964608K, used 964229K [0x0000000080000000, 0x00000000bae00000, 0x00000000d5580000)
  object space 964608K, 99% used [0x0000000080000000,0x00000000bada1560,0x00000000bae00000)
 Metaspace       used 81597K, committed 83328K, reserved 1179648K
  class space    used 8577K, committed 9280K, reserved 1048576K
}

