# JRE version: OpenJDK Runtime Environment Temurin-21.0.10+7 (21.0.10+7) (build 21.0.10+7-LTS)
# Java VM: OpenJDK 64-Bit Server VM Temurin-21.0.10+7 (21.0.10+7-LTS, mixed mode, sharing, tiered, compressed oops, compressed class ptrs, parallel gc, windows-amd64)
GC Precious Log:
 CardTable entry size: 512
 CPUs: 16 total, 16 available
 Memory: 7583M
 Large Page Support: Disabled
 NUMA Support: Disabled
 Compressed Oops: Enabled (32-bit)
 Alignments: Space 512K, Generation 512K, Heap 2M
 Heap Min Capacity: 100M
 Heap Initial Capacity: 100M
 Heap Max Capacity: 2G
 Pre-touch: Disabled
 Parallel Workers: 13
Heap:
 PSYoungGen      total 7168K, used 1795K [0x00000000d5580000, 0x00000000d5f00000, 0x0000000100000000)
  eden space 6144K, 17% used [0x00000000d5580000,0x00000000d5688e58,0x00000000d5b80000)
  from space 1024K, 71% used [0x00000000d5d00000,0x00000000d5db8000,0x00000000d5e00000)
  to   space 1024K, 0% used [0x00000000d5e00000,0x00000000d5e00000,0x00000000d5f00000)
 ParOldGen       total 922624K, used 571534K [0x0000000080000000, 0x00000000b8500000, 0x00000000d5580000)
  object space 922624K, 61% used [0x0000000080000000,0x00000000a2e239c8,0x00000000b8500000)
 Metaspace       used 99878K, committed 101760K, reserved 1179648K
  class space    used 10230K, committed 11072K, reserved 1048576K
GC Heap History (20 events):
Event: 6075.052 GC heap before
{Heap before GC invocations=1759 (full 5):
 PSYoungGen      total 15872K, used 15488K [0x00000000d5580000, 0x00000000d6680000, 0x0000000100000000)
  eden space 14848K, 100% used [0x00000000d5580000,0x00000000d6400000,0x00000000d6400000)
  from space 1024K, 62% used [0x00000000d6400000,0x00000000d64a0000,0x00000000d6500000)
  to   space 1024K, 0% used [0x00000000d6580000,0x00000000d6580000,0x00000000d6680000)
 ParOldGen       total 922624K, used 525544K [0x0000000080000000, 0x00000000b8500000, 0x00000000d5580000)
  object space 922624K, 56% used [0x0000000080000000,0x00000000a013a200,0x00000000b8500000)
 Metaspace       used 99831K, committed 101696K, reserved 1179648K
  class space    used 10230K, committed 11072K, reserved 1048576K
}
Event: 6075.057 GC heap after
{Heap after GC invocations=1759 (full 5):
 PSYoungGen      total 10752K, used 1008K [0x00000000d5580000, 0x00000000d7100000, 0x0000000100000000)
  eden space 9728K, 0% used [0x00000000d5580000,0x00000000d5580000,0x00000000d5f00000)
  from space 1024K, 98% used [0x00000000d6580000,0x00000000d667c1b8,0x00000000d6680000)
  to   space 6656K, 0% used [0x00000000d5f00000,0x00000000d5f00000,0x00000000d6580000)
 ParOldGen       total 922624K, used 530139K [0x0000000080000000, 0x00000000b8500000, 0x00000000d5580000)
  object space 922624K, 57% used [0x0000000080000000,0x00000000a05b6cc8,0x00000000b8500000)
 Metaspace       used 99831K, committed 101696K, reserved 1179648K
  class space    used 10230K, committed 11072K, reserved 1048576K
}
Event: 6075.118 GC heap before
{Heap before GC invocations=1760 (full 5):
 PSYoungGen      total 10752K, used 10736K [0x00000000d5580000, 0x00000000d7100000, 0x0000000100000000)
  eden space 9728K, 100% used [0x00000000d5580000,0x00000000d5f00000,0x00000000d5f00000)
  from space 1024K, 98% used [0x00000000d6580000,0x00000000d667c1b8,0x00000000d6680000)
  to   space 6656K, 0% used [0x00000000d5f00000,0x00000000d5f00000,0x00000000d6580000)
 ParOldGen       total 922624K, used 530139K [0x0000000080000000, 0x00000000b8500000, 0x00000000d5580000)
  object space 922624K, 57% used [0x0000000080000000,0x00000000a05b6cc8,0x00000000b8500000)
 Metaspace       used 99832K, committed 101696K, reserved 1179648K
  class space    used 10230K, committed 11072K, reserved 1048576K
}
Event: 6075.122 GC heap after
{Heap after GC invocations=1760 (full 5):
 PSYoungGen      total 12800K, used 2794K [0x00000000d5580000, 0x00000000d6700000, 0x0000000100000000)
  eden space 9728K, 0% used [0x00000000d5580000,0x00000000d5580000,0x00000000d5f00000)
  from space 3072K, 90% used [0x00000000d5f00000,0x00000000d61ba910,0x00000000d6200000)
  to   space 4096K, 0% used [0x00000000d6300000,0x00000000d6300000,0x00000000d6700000)
 ParOldGen       total 922624K, used 530555K [0x0000000080000000, 0x00000000b8500000, 0x00000000d5580000)
  object space 922624K, 57% used [0x0000000080000000,0x00000000a061ece8,0x00000000b8500000)
 Metaspace       used 99832K, committed 101696K, reserved 1179648K
  class space    used 10230K, committed 11072K, reserved 1048576K
}
Event: 6075.203 GC heap before
{Heap before GC invocations=1761 (full 5):
 PSYoungGen      total 12800K, used 12522K [0x00000000d5580000, 0x00000000d6700000, 0x0000000100000000)
  eden space 9728K, 100% used [0x00000000d5580000,0x00000000d5f00000,0x00000000d5f00000)
  from space 3072K, 90% used [0x00000000d5f00000,0x00000000d61ba910,0x00000000d6200000)
  to   space 4096K, 0% used [0x00000000d6300000,0x00000000d6300000,0x00000000d6700000)
 ParOldGen       total 922624K, used 530555K [0x0000000080000000, 0x00000000b8500000, 0x00000000d5580000)
  object space 922624K, 57% used [0x0000000080000000,0x00000000a061ece8,0x00000000b8500000)
 Metaspace       used 99833K, committed 101696K, reserved 1179648K
  class space    used 10230K, committed 11072K, reserved 1048576K
}
Event: 6075.209 GC heap after
{Heap after GC invocations=1761 (full 5):
 PSYoungGen      total 10240K, used 4096K [0x00000000d5580000, 0x00000000d6e00000, 0x0000000100000000)
  eden space 6144K, 0% used [0x00000000d5580000,0x00000000d5580000,0x00000000d5b80000)
  from space 4096K, 100% used [0x00000000d6300000,0x00000000d6700000,0x00000000d6700000)
  to   space 7680K, 0% used [0x00000000d5b80000,0x00000000d5b80000,0x00000000d6300000)
 ParOldGen       total 922624K, used 533171K [0x0000000080000000, 0x00000000b8500000, 0x00000000d5580000)
  object space 922624K, 57% used [0x0000000080000000,0x00000000a08acce8,0x00000000b8500000)
 Metaspace       used 99833K, committed 101696K, reserved 1179648K
  class space    used 10230K, committed 11072K, reserved 1048576K
}
Event: 6075.340 GC heap before
{Heap before GC invocations=1762 (full 5):
 PSYoungGen      total 10240K, used 10230K [0x00000000d5580000, 0x00000000d6e00000, 0x0000000100000000)
  eden space 6144K, 99% used [0x00000000d5580000,0x00000000d5b7da70,0x00000000d5b80000)
  from space 4096K, 100% used [0x00000000d6300000,0x00000000d6700000,0x00000000d6700000)
  to   space 7680K, 0% used [0x00000000d5b80000,0x00000000d5b80000,0x00000000d6300000)
 ParOldGen       total 922624K, used 533171K [0x0000000080000000, 0x00000000b8500000, 0x00000000d5580000)
  object space 922624K, 57% used [0x0000000080000000,0x00000000a08acce8,0x00000000b8500000)
 Metaspace       used 99833K, committed 101696K, reserved 1179648K
  class space    used 10230K, committed 11072K, reserved 1048576K
}
Event: 6075.351 GC heap after
{Heap after GC invocations=1762 (full 5):
 PSYoungGen      total 10240K, used 3643K [0x00000000d5580000, 0x00000000d6580000, 0x0000000100000000)
  eden space 6144K, 0% used [0x00000000d5580000,0x00000000d5580000,0x00000000d5b80000)
  from space 4096K, 88% used [0x00000000d5b80000,0x00000000d5f0eeb8,0x00000000d5f80000)
  to   space 5120K, 0% used [0x00000000d6080000,0x00000000d6080000,0x00000000d6580000)
 ParOldGen       total 922624K, used 537317K [0x0000000080000000, 0x00000000b8500000, 0x00000000d5580000)
  object space 922624K, 58% used [0x0000000080000000,0x00000000a0cb95f8,0x00000000b8500000)
 Metaspace       used 99833K, committed 101696K, reserved 1179648K
  class space    used 10230K, committed 11072K, reserved 1048576K
}
Event: 6075.822 GC heap before
{Heap before GC invocations=1763 (full 5):
 PSYoungGen      total 10240K, used 9787K [0x00000000d5580000, 0x00000000d6580000, 0x0000000100000000)
  eden space 6144K, 99% used [0x00000000d5580000,0x00000000d5b7ffa8,0x00000000d5b80000)
  from space 4096K, 88% used [0x00000000d5b80000,0x00000000d5f0eeb8,0x00000000d5f80000)
  to   space 5120K, 0% used [0x00000000d6080000,0x00000000d6080000,0x00000000d6580000)
 ParOldGen       total 922624K, used 568037K [0x0000000080000000, 0x00000000b8500000, 0x00000000d5580000)
  object space 922624K, 61% used [0x0000000080000000,0x00000000a2ab9628,0x00000000b8500000)
 Metaspace       used 99859K, committed 101760K, reserved 1179648K
  class space    used 10230K, committed 11072K, reserved 1048576K
}
Event: 6075.824 GC heap after
{Heap after GC invocations=1763 (full 5):
 PSYoungGen      total 7168K, used 536K [0x00000000d5580000, 0x00000000d6180000, 0x0000000100000000)
  eden space 6144K, 0% used [0x00000000d5580000,0x00000000d5580000,0x00000000d5b80000)
  from space 1024K, 52% used [0x00000000d6080000,0x00000000d6106260,0x00000000d6180000)
  to   space 2048K, 0% used [0x00000000d5d80000,0x00000000d5d80000,0x00000000d5f80000)
 ParOldGen       total 922624K, used 568357K [0x0000000080000000, 0x00000000b8500000, 0x00000000d5580000)
  object space 922624K, 61% used [0x0000000080000000,0x00000000a2b09678,0x00000000b8500000)
 Metaspace       used 99859K, committed 101760K, reserved 1179648K
  class space    used 10230K, committed 11072K, reserved 1048576K
}
Event: 6075.835 GC heap before
{Heap before GC invocations=1764 (full 5):
 PSYoungGen      total 7168K, used 6680K [0x00000000d5580000, 0x00000000d6180000, 0x0000000100000000)
  eden space 6144K, 100% used [0x00000000d5580000,0x00000000d5b80000,0x00000000d5b80000)
  from space 1024K, 52% used [0x00000000d6080000,0x00000000d6106260,0x00000000d6180000)
  to   space 2048K, 0% used [0x00000000d5d80000,0x00000000d5d80000,0x00000000d5f80000)
 ParOldGen       total 922624K, used 568357K [0x0000000080000000, 0x00000000b8500000, 0x00000000d5580000)
  object space 922624K, 61% used [0x0000000080000000,0x00000000a2b09678,0x00000000b8500000)
 Metaspace       used 99859K, committed 101760K, reserved 1179648K
  class space    used 10230K, committed 11072K, reserved 1048576K
}
Event: 6075.838 GC heap after
{Heap after GC invocations=1764 (full 5):
 PSYoungGen      total 8192K, used 2035K [0x00000000d5580000, 0x00000000d6380000, 0x0000000100000000)
  eden space 6144K, 0% used [0x00000000d5580000,0x00000000d5580000,0x00000000d5b80000)
  from space 2048K, 99% used [0x00000000d5d80000,0x00000000d5f7ce60,0x00000000d5f80000)
  to   space 4096K, 0% used [0x00000000d5f80000,0x00000000d5f80000,0x00000000d6380000)
 ParOldGen       total 922624K, used 569453K [0x0000000080000000, 0x00000000b8500000, 0x00000000d5580000)
  object space 922624K, 61% used [0x0000000080000000,0x00000000a2c1b6a8,0x00000000b8500000)
 Metaspace       used 99859K, committed 101760K, reserved 1179648K
  class space    used 10230K, committed 11072K, reserved 1048576K
}
Event: 6076.017 GC heap before
{Heap before GC invocations=1765 (full 5):
 PSYoungGen      total 8192K, used 8179K [0x00000000d5580000, 0x00000000d6380000, 0x0000000100000000)
  eden space 6144K, 99% used [0x00000000d5580000,0x00000000d5b7fff0,0x00000000d5b80000)
  from space 2048K, 99% used [0x00000000d5d80000,0x00000000d5f7ce60,0x00000000d5f80000)
  to   space 4096K, 0% used [0x00000000d5f80000,0x00000000d5f80000,0x00000000d6380000)
 ParOldGen       total 922624K, used 569453K [0x0000000080000000, 0x00000000b8500000, 0x00000000d5580000)
  object space 922624K, 61% used [0x0000000080000000,0x00000000a2c1b6a8,0x00000000b8500000)
 Metaspace       used 99860K, committed 101760K, reserved 1179648K
  class space    used 10230K, committed 11072K, reserved 1048576K
}
Event: 6076.025 GC heap after
{Heap after GC invocations=1765 (full 5):
 PSYoungGen      total 6656K, used 464K [0x00000000d5580000, 0x00000000d6000000, 0x0000000100000000)
  eden space 6144K, 0% used [0x00000000d5580000,0x00000000d5580000,0x00000000d5b80000)
  from space 512K, 90% used [0x00000000d5f80000,0x00000000d5ff4010,0x00000000d6000000)
  to   space 1536K, 0% used [0x00000000d5d00000,0x00000000d5d00000,0x00000000d5e80000)
 ParOldGen       total 922624K, used 569541K [0x0000000080000000, 0x00000000b8500000, 0x00000000d5580000)
  object space 922624K, 61% used [0x0000000080000000,0x00000000a2c316a8,0x00000000b8500000)
 Metaspace       used 99860K, committed 101760K, reserved 1179648K
  class space    used 10230K, committed 11072K, reserved 1048576K
}
Event: 6076.041 GC heap before
{Heap before GC invocations=1766 (full 5):
 PSYoungGen      total 6656K, used 6608K [0x00000000d5580000, 0x00000000d6000000, 0x0000000100000000)
  eden space 6144K, 100% used [0x00000000d5580000,0x00000000d5b80000,0x00000000d5b80000)
  from space 512K, 90% used [0x00000000d5f80000,0x00000000d5ff4010,0x00000000d6000000)
  to   space 1536K, 0% used [0x00000000d5d00000,0x00000000d5d00000,0x00000000d5e80000)
 ParOldGen       total 922624K, used 569541K [0x0000000080000000, 0x00000000b8500000, 0x00000000d5580000)
  object space 922624K, 61% used [0x0000000080000000,0x00000000a2c316a8,0x00000000b8500000)
 Metaspace       used 99860K, committed 101760K, reserved 1179648K
  class space    used 10230K, committed 11072K, reserved 1048576K
}
Event: 6076.043 GC heap after
{Heap after GC invocations=1766 (full 5):
 PSYoungGen      total 7680K, used 992K [0x00000000d5580000, 0x00000000d6000000, 0x0000000100000000)
  eden space 6144K, 0% used [0x00000000d5580000,0x00000000d5580000,0x00000000d5b80000)
  from space 1536K, 64% used [0x00000000d5d00000,0x00000000d5df8000,0x00000000d5e80000)
  to   space 1536K, 0% used [0x00000000d5e80000,0x00000000d5e80000,0x00000000d6000000)
 ParOldGen       total 922624K, used 569791K [0x0000000080000000, 0x00000000b8500000, 0x00000000d5580000)
  object space 922624K, 61% used [0x0000000080000000,0x00000000a2c6fff8,0x00000000b8500000)
 Metaspace       used 99860K, committed 101760K, reserved 1179648K
  class space    used 10230K, committed 11072K, reserved 1048576K
}
Event: 6076.055 GC heap before
{Heap before GC invocations=1767 (full 5):
 PSYoungGen      total 7680K, used 7136K [0x00000000d5580000, 0x00000000d6000000, 0x0000000100000000)
  eden space 6144K, 100% used [0x00000000d5580000,0x00000000d5b80000,0x00000000d5b80000)
  from space 1536K, 64% used [0x00000000d5d00000,0x00000000d5df8000,0x00000000d5e80000)
  to   space 1536K, 0% used [0x00000000d5e80000,0x00000000d5e80000,0x00000000d6000000)
 ParOldGen       total 922624K, used 569791K [0x0000000080000000, 0x00000000b8500000, 0x00000000d5580000)
  object space 922624K, 61% used [0x0000000080000000,0x00000000a2c6fff8,0x00000000b8500000)
 Metaspace       used 99861K, committed 101760K, reserved 1179648K
  class space    used 10230K, committed 11072K, reserved 1048576K
}
Event: 6076.059 GC heap after
{Heap after GC invocations=1767 (full 5):
 PSYoungGen      total 7680K, used 1216K [0x00000000d5580000, 0x00000000d6000000, 0x0000000100000000)
  eden space 6144K, 0% used [0x00000000d5580000,0x00000000d5580000,0x00000000d5b80000)
  from space 1536K, 79% used [0x00000000d5e80000,0x00000000d5fb0000,0x00000000d6000000)
  to   space 1536K, 0% used [0x00000000d5d00000,0x00000000d5d00000,0x00000000d5e80000)
 ParOldGen       total 922624K, used 570612K [0x0000000080000000, 0x00000000b8500000, 0x00000000d5580000)
  object space 922624K, 61% used [0x0000000080000000,0x00000000a2d3d058,0x00000000b8500000)
 Metaspace       used 99861K, committed 101760K, reserved 1179648K
  class space    used 10230K, committed 11072K, reserved 1048576K
}
Event: 6353.766 GC heap before
{Heap before GC invocations=1768 (full 5):
 PSYoungGen      total 7680K, used 7360K [0x00000000d5580000, 0x00000000d6000000, 0x0000000100000000)
  eden space 6144K, 100% used [0x00000000d5580000,0x00000000d5b80000,0x00000000d5b80000)
  from space 1536K, 79% used [0x00000000d5e80000,0x00000000d5fb0000,0x00000000d6000000)
  to   space 1536K, 0% used [0x00000000d5d00000,0x00000000d5d00000,0x00000000d5e80000)
 ParOldGen       total 922624K, used 570612K [0x0000000080000000, 0x00000000b8500000, 0x00000000d5580000)
  object space 922624K, 61% used [0x0000000080000000,0x00000000a2d3d058,0x00000000b8500000)
 Metaspace       used 99861K, committed 101760K, reserved 1179648K
  class space    used 10230K, committed 11072K, reserved 1048576K
}
Event: 6353.942 GC heap after
{Heap after GC invocations=1768 (full 5):
 PSYoungGen      total 7168K, used 736K [0x00000000d5580000, 0x00000000d5f00000, 0x0000000100000000)
  eden space 6144K, 0% used [0x00000000d5580000,0x00000000d5580000,0x00000000d5b80000)
  from space 1024K, 71% used [0x00000000d5d00000,0x00000000d5db8000,0x00000000d5e00000)
  to   space 1024K, 0% used [0x00000000d5e00000,0x00000000d5e00000,0x00000000d5f00000)
 ParOldGen       total 922624K, used 571534K [0x0000000080000000, 0x00000000b8500000, 0x00000000d5580000)
  object space 922624K, 61% used [0x0000000080000000,0x00000000a2e239c8,0x00000000b8500000)
 Metaspace       used 99861K, committed 101760K, reserved 1179648K
  class space    used 10230K, committed 11072K, reserved 1048576K
}

