# JRE version: OpenJDK Runtime Environment Temurin-21.0.10+7 (21.0.10+7) (build 21.0.10+7-LTS)
# Java VM: OpenJDK 64-Bit Server VM Temurin-21.0.10+7 (21.0.10+7-LTS, mixed mode, sharing, tiered, compressed oops, compressed class ptrs, parallel gc, windows-amd64)
GC Precious Log:
 CardTable entry size: 512
 CPUs: 16 total, 16 available
 Memory: 7583M
 Large Page Support: Disabled
 NUMA Support: Disabled
 Compressed Oops: Enabled (32-bit)
 Alignments: Space 512K, Generation 512K, Heap 2M
 Heap Min Capacity: 100M
 Heap Initial Capacity: 100M
 Heap Max Capacity: 2G
 Pre-touch: Disabled
 Parallel Workers: 13
Heap:
 PSYoungGen      total 37888K, used 26458K [0x00000000d5580000, 0x00000000d8d80000, 0x0000000100000000)
  eden space 19456K, 42% used [0x00000000d5580000,0x00000000d5d834e0,0x00000000d6880000)
  from space 18432K, 99% used [0x00000000d7b80000,0x00000000d8d53610,0x00000000d8d80000)
  to   space 18944K, 0% used [0x00000000d6880000,0x00000000d6880000,0x00000000d7b00000)
 ParOldGen       total 343040K, used 342717K [0x0000000080000000, 0x0000000094f00000, 0x00000000d5580000)
  object space 343040K, 99% used [0x0000000080000000,0x0000000094eaf638,0x0000000094f00000)
 Metaspace       used 66679K, committed 68160K, reserved 1114112K
  class space    used 7184K, committed 7808K, reserved 1048576K
GC Heap History (20 events):
Event: 13.600 GC heap before
{Heap before GC invocations=283 (full 4):
 PSYoungGen      total 14848K, used 14758K [0x00000000d5580000, 0x00000000d6880000, 0x0000000100000000)
  eden space 11776K, 100% used [0x00000000d5580000,0x00000000d6100000,0x00000000d6100000)
  from space 3072K, 97% used [0x00000000d6580000,0x00000000d6869910,0x00000000d6880000)
  to   space 3584K, 0% used [0x00000000d6180000,0x00000000d6180000,0x00000000d6500000)
 ParOldGen       total 296448K, used 296025K [0x0000000080000000, 0x0000000092180000, 0x00000000d5580000)
  object space 296448K, 99% used [0x0000000080000000,0x00000000921166b0,0x0000000092180000)
 Metaspace       used 66670K, committed 68160K, reserved 1114112K
  class space    used 7184K, committed 7808K, reserved 1048576K
}
Event: 13.604 GC heap after
{Heap after GC invocations=283 (full 4):
 PSYoungGen      total 15872K, used 3580K [0x00000000d5580000, 0x00000000d7300000, 0x0000000100000000)
  eden space 12288K, 0% used [0x00000000d5580000,0x00000000d5580000,0x00000000d6180000)
  from space 3584K, 99% used [0x00000000d6180000,0x00000000d64ff2b8,0x00000000d6500000)
  to   space 8192K, 0% used [0x00000000d6b00000,0x00000000d6b00000,0x00000000d7300000)
 ParOldGen       total 299520K, used 299478K [0x0000000080000000, 0x0000000092480000, 0x00000000d5580000)
  object space 299520K, 99% used [0x0000000080000000,0x0000000092475a00,0x0000000092480000)
 Metaspace       used 66670K, committed 68160K, reserved 1114112K
  class space    used 7184K, committed 7808K, reserved 1048576K
}
Event: 13.620 GC heap before
{Heap before GC invocations=284 (full 4):
 PSYoungGen      total 15872K, used 15868K [0x00000000d5580000, 0x00000000d7300000, 0x0000000100000000)
  eden space 12288K, 100% used [0x00000000d5580000,0x00000000d6180000,0x00000000d6180000)
  from space 3584K, 99% used [0x00000000d6180000,0x00000000d64ff2b8,0x00000000d6500000)
  to   space 8192K, 0% used [0x00000000d6b00000,0x00000000d6b00000,0x00000000d7300000)
 ParOldGen       total 299520K, used 299478K [0x0000000080000000, 0x0000000092480000, 0x00000000d5580000)
  object space 299520K, 99% used [0x0000000080000000,0x0000000092475a00,0x0000000092480000)
 Metaspace       used 66670K, committed 68160K, reserved 1114112K
  class space    used 7184K, committed 7808K, reserved 1048576K
}
Event: 13.625 GC heap after
{Heap after GC invocations=284 (full 4):
 PSYoungGen      total 18944K, used 4103K [0x00000000d5580000, 0x00000000d6f80000, 0x0000000100000000)
  eden space 14336K, 0% used [0x00000000d5580000,0x00000000d5580000,0x00000000d6380000)
  from space 4608K, 89% used [0x00000000d6b00000,0x00000000d6f01fc8,0x00000000d6f80000)
  to   space 5632K, 0% used [0x00000000d6480000,0x00000000d6480000,0x00000000d6a00000)
 ParOldGen       total 303104K, used 302963K [0x0000000080000000, 0x0000000092800000, 0x00000000d5580000)
  object space 303104K, 99% used [0x0000000080000000,0x00000000927dced8,0x0000000092800000)
 Metaspace       used 66670K, committed 68160K, reserved 1114112K
  class space    used 7184K, committed 7808K, reserved 1048576K
}
Event: 13.649 GC heap before
{Heap before GC invocations=285 (full 4):
 PSYoungGen      total 18944K, used 18439K [0x00000000d5580000, 0x00000000d6f80000, 0x0000000100000000)
  eden space 14336K, 100% used [0x00000000d5580000,0x00000000d6380000,0x00000000d6380000)
  from space 4608K, 89% used [0x00000000d6b00000,0x00000000d6f01fc8,0x00000000d6f80000)
  to   space 5632K, 0% used [0x00000000d6480000,0x00000000d6480000,0x00000000d6a00000)
 ParOldGen       total 303104K, used 302963K [0x0000000080000000, 0x0000000092800000, 0x00000000d5580000)
  object space 303104K, 99% used [0x0000000080000000,0x00000000927dced8,0x0000000092800000)
 Metaspace       used 66670K, committed 68160K, reserved 1114112K
  class space    used 7184K, committed 7808K, reserved 1048576K
}
Event: 13.657 GC heap after
{Heap after GC invocations=285 (full 4):
 PSYoungGen      total 20992K, used 4688K [0x00000000d5580000, 0x00000000d7000000, 0x0000000100000000)
  eden space 15360K, 0% used [0x00000000d5580000,0x00000000d5580000,0x00000000d6480000)
  from space 5632K, 83% used [0x00000000d6480000,0x00000000d6914200,0x00000000d6a00000)
  to   space 5120K, 0% used [0x00000000d6b00000,0x00000000d6b00000,0x00000000d7000000)
 ParOldGen       total 307200K, used 306946K [0x0000000080000000, 0x0000000092c00000, 0x00000000d5580000)
  object space 307200K, 99% used [0x0000000080000000,0x0000000092bc0818,0x0000000092c00000)
 Metaspace       used 66670K, committed 68160K, reserved 1114112K
  class space    used 7184K, committed 7808K, reserved 1048576K
}
Event: 13.690 GC heap before
{Heap before GC invocations=286 (full 4):
 PSYoungGen      total 20992K, used 20048K [0x00000000d5580000, 0x00000000d7000000, 0x0000000100000000)
  eden space 15360K, 100% used [0x00000000d5580000,0x00000000d6480000,0x00000000d6480000)
  from space 5632K, 83% used [0x00000000d6480000,0x00000000d6914200,0x00000000d6a00000)
  to   space 5120K, 0% used [0x00000000d6b00000,0x00000000d6b00000,0x00000000d7000000)
 ParOldGen       total 307200K, used 306946K [0x0000000080000000, 0x0000000092c00000, 0x00000000d5580000)
  object space 307200K, 99% used [0x0000000080000000,0x0000000092bc0818,0x0000000092c00000)
 Metaspace       used 66670K, committed 68160K, reserved 1114112K
  class space    used 7184K, committed 7808K, reserved 1048576K
}
Event: 13.704 GC heap after
{Heap after GC invocations=286 (full 4):
 PSYoungGen      total 15360K, used 5096K [0x00000000d5580000, 0x00000000d7e00000, 0x0000000100000000)
  eden space 10240K, 0% used [0x00000000d5580000,0x00000000d5580000,0x00000000d5f80000)
  from space 5120K, 99% used [0x00000000d6b00000,0x00000000d6ffa370,0x00000000d7000000)
  to   space 11776K, 0% used [0x00000000d5f80000,0x00000000d5f80000,0x00000000d6b00000)
 ParOldGen       total 312320K, used 312260K [0x0000000080000000, 0x0000000093100000, 0x00000000d5580000)
  object space 312320K, 99% used [0x0000000080000000,0x00000000930f1208,0x0000000093100000)
 Metaspace       used 66670K, committed 68160K, reserved 1114112K
  class space    used 7184K, committed 7808K, reserved 1048576K
}
Event: 13.725 GC heap before
{Heap before GC invocations=287 (full 4):
 PSYoungGen      total 15360K, used 15318K [0x00000000d5580000, 0x00000000d7e00000, 0x0000000100000000)
  eden space 10240K, 99% used [0x00000000d5580000,0x00000000d5f7b840,0x00000000d5f80000)
  from space 5120K, 99% used [0x00000000d6b00000,0x00000000d6ffa370,0x00000000d7000000)
  to   space 11776K, 0% used [0x00000000d5f80000,0x00000000d5f80000,0x00000000d6b00000)
 ParOldGen       total 312320K, used 312260K [0x0000000080000000, 0x0000000093100000, 0x00000000d5580000)
  object space 312320K, 99% used [0x0000000080000000,0x00000000930f1208,0x0000000093100000)
 Metaspace       used 66670K, committed 68160K, reserved 1114112K
  class space    used 7184K, committed 7808K, reserved 1048576K
}
Event: 13.738 GC heap after
{Heap after GC invocations=287 (full 4):
 PSYoungGen      total 14848K, used 4121K [0x00000000d5580000, 0x00000000d6e80000, 0x0000000100000000)
  eden space 10240K, 0% used [0x00000000d5580000,0x00000000d5580000,0x00000000d5f80000)
  from space 4608K, 89% used [0x00000000d5f80000,0x00000000d6386418,0x00000000d6400000)
  to   space 6656K, 0% used [0x00000000d6800000,0x00000000d6800000,0x00000000d6e80000)
 ParOldGen       total 317440K, used 317134K [0x0000000080000000, 0x0000000093600000, 0x00000000d5580000)
  object space 317440K, 99% used [0x0000000080000000,0x00000000935b3958,0x0000000093600000)
 Metaspace       used 66670K, committed 68160K, reserved 1114112K
  class space    used 7184K, committed 7808K, reserved 1048576K
}
Event: 13.758 GC heap before
{Heap before GC invocations=288 (full 4):
 PSYoungGen      total 14848K, used 14361K [0x00000000d5580000, 0x00000000d6e80000, 0x0000000100000000)
  eden space 10240K, 100% used [0x00000000d5580000,0x00000000d5f80000,0x00000000d5f80000)
  from space 4608K, 89% used [0x00000000d5f80000,0x00000000d6386418,0x00000000d6400000)
  to   space 6656K, 0% used [0x00000000d6800000,0x00000000d6800000,0x00000000d6e80000)
 ParOldGen       total 317440K, used 317134K [0x0000000080000000, 0x0000000093600000, 0x00000000d5580000)
  object space 317440K, 99% used [0x0000000080000000,0x00000000935b3958,0x0000000093600000)
 Metaspace       used 66670K, committed 68160K, reserved 1114112K
  class space    used 7184K, committed 7808K, reserved 1048576K
}
Event: 13.770 GC heap after
{Heap after GC invocations=288 (full 4):
 PSYoungGen      total 16896K, used 4248K [0x00000000d5580000, 0x00000000d6c80000, 0x0000000100000000)
  eden space 12288K, 0% used [0x00000000d5580000,0x00000000d5580000,0x00000000d6180000)
  from space 4608K, 92% used [0x00000000d6800000,0x00000000d6c26258,0x00000000d6c80000)
  to   space 4608K, 0% used [0x00000000d6380000,0x00000000d6380000,0x00000000d6800000)
 ParOldGen       total 321536K, used 321114K [0x0000000080000000, 0x0000000093a00000, 0x00000000d5580000)
  object space 321536K, 99% used [0x0000000080000000,0x0000000093996b88,0x0000000093a00000)
 Metaspace       used 66670K, committed 68160K, reserved 1114112K
  class space    used 7184K, committed 7808K, reserved 1048576K
}
Event: 13.831 GC heap before
{Heap before GC invocations=289 (full 4):
 PSYoungGen      total 16896K, used 16536K [0x00000000d5580000, 0x00000000d6c80000, 0x0000000100000000)
  eden space 12288K, 100% used [0x00000000d5580000,0x00000000d6180000,0x00000000d6180000)
  from space 4608K, 92% used [0x00000000d6800000,0x00000000d6c26258,0x00000000d6c80000)
  to   space 4608K, 0% used [0x00000000d6380000,0x00000000d6380000,0x00000000d6800000)
 ParOldGen       total 321536K, used 321114K [0x0000000080000000, 0x0000000093a00000, 0x00000000d5580000)
  object space 321536K, 99% used [0x0000000080000000,0x0000000093996b88,0x0000000093a00000)
 Metaspace       used 66670K, committed 68160K, reserved 1114112K
  class space    used 7184K, committed 7808K, reserved 1048576K
}
Event: 13.847 GC heap after
{Heap after GC invocations=289 (full 4):
 PSYoungGen      total 18944K, used 4603K [0x00000000d5580000, 0x00000000d7680000, 0x0000000100000000)
  eden space 14336K, 0% used [0x00000000d5580000,0x00000000d5580000,0x00000000d6380000)
  from space 4608K, 99% used [0x00000000d6380000,0x00000000d67fec70,0x00000000d6800000)
  to   space 9728K, 0% used [0x00000000d6d00000,0x00000000d6d00000,0x00000000d7680000)
 ParOldGen       total 325632K, used 325313K [0x0000000080000000, 0x0000000093e00000, 0x00000000d5580000)
  object space 325632K, 99% used [0x0000000080000000,0x0000000093db04d0,0x0000000093e00000)
 Metaspace       used 66670K, committed 68160K, reserved 1114112K
  class space    used 7184K, committed 7808K, reserved 1048576K
}
Event: 14.111 GC heap before
{Heap before GC invocations=290 (full 4):
 PSYoungGen      total 18944K, used 18939K [0x00000000d5580000, 0x00000000d7680000, 0x0000000100000000)
  eden space 14336K, 100% used [0x00000000d5580000,0x00000000d6380000,0x00000000d6380000)
  from space 4608K, 99% used [0x00000000d6380000,0x00000000d67fec70,0x00000000d6800000)
  to   space 9728K, 0% used [0x00000000d6d00000,0x00000000d6d00000,0x00000000d7680000)
 ParOldGen       total 325632K, used 325313K [0x0000000080000000, 0x0000000093e00000, 0x00000000d5580000)
  object space 325632K, 99% used [0x0000000080000000,0x0000000093db04d0,0x0000000093e00000)
 Metaspace       used 66679K, committed 68160K, reserved 1114112K
  class space    used 7184K, committed 7808K, reserved 1048576K
}
Event: 14.117 GC heap after
{Heap after GC invocations=290 (full 4):
 PSYoungGen      total 24064K, used 5998K [0x00000000d5580000, 0x00000000d7400000, 0x0000000100000000)
  eden space 16896K, 0% used [0x00000000d5580000,0x00000000d5580000,0x00000000d6600000)
  from space 7168K, 83% used [0x00000000d6d00000,0x00000000d72db938,0x00000000d7400000)
  to   space 7168K, 0% used [0x00000000d6600000,0x00000000d6600000,0x00000000d6d00000)
 ParOldGen       total 330240K, used 329731K [0x0000000080000000, 0x0000000094280000, 0x00000000d5580000)
  object space 330240K, 99% used [0x0000000080000000,0x0000000094200c70,0x0000000094280000)
 Metaspace       used 66679K, committed 68160K, reserved 1114112K
  class space    used 7184K, committed 7808K, reserved 1048576K
}
Event: 14.313 GC heap before
{Heap before GC invocations=291 (full 4):
 PSYoungGen      total 24064K, used 22894K [0x00000000d5580000, 0x00000000d7400000, 0x0000000100000000)
  eden space 16896K, 100% used [0x00000000d5580000,0x00000000d6600000,0x00000000d6600000)
  from space 7168K, 83% used [0x00000000d6d00000,0x00000000d72db938,0x00000000d7400000)
  to   space 7168K, 0% used [0x00000000d6600000,0x00000000d6600000,0x00000000d6d00000)
 ParOldGen       total 330240K, used 329731K [0x0000000080000000, 0x0000000094280000, 0x00000000d5580000)
  object space 330240K, 99% used [0x0000000080000000,0x0000000094200c70,0x0000000094280000)
 Metaspace       used 66679K, committed 68160K, reserved 1114112K
  class space    used 7184K, committed 7808K, reserved 1048576K
}
Event: 14.322 GC heap after
{Heap after GC invocations=291 (full 4):
 PSYoungGen      total 24064K, used 7161K [0x00000000d5580000, 0x00000000d8e80000, 0x0000000100000000)
  eden space 16896K, 0% used [0x00000000d5580000,0x00000000d5580000,0x00000000d6600000)
  from space 7168K, 99% used [0x00000000d6600000,0x00000000d6cfe740,0x00000000d6d00000)
  to   space 19456K, 0% used [0x00000000d7b80000,0x00000000d7b80000,0x00000000d8e80000)
 ParOldGen       total 339968K, used 339830K [0x0000000080000000, 0x0000000094c00000, 0x00000000d5580000)
  object space 339968K, 99% used [0x0000000080000000,0x0000000094bddbd8,0x0000000094c00000)
 Metaspace       used 66679K, committed 68160K, reserved 1114112K
  class space    used 7184K, committed 7808K, reserved 1048576K
}
Event: 14.551 GC heap before
{Heap before GC invocations=292 (full 4):
 PSYoungGen      total 24064K, used 24057K [0x00000000d5580000, 0x00000000d8e80000, 0x0000000100000000)
  eden space 16896K, 100% used [0x00000000d5580000,0x00000000d6600000,0x00000000d6600000)
  from space 7168K, 99% used [0x00000000d6600000,0x00000000d6cfe740,0x00000000d6d00000)
  to   space 19456K, 0% used [0x00000000d7b80000,0x00000000d7b80000,0x00000000d8e80000)
 ParOldGen       total 339968K, used 339830K [0x0000000080000000, 0x0000000094c00000, 0x00000000d5580000)
  object space 339968K, 99% used [0x0000000080000000,0x0000000094bddbd8,0x0000000094c00000)
 Metaspace       used 66679K, committed 68160K, reserved 1114112K
  class space    used 7184K, committed 7808K, reserved 1048576K
}
Event: 14.572 GC heap after
{Heap after GC invocations=292 (full 4):
 PSYoungGen      total 37888K, used 18253K [0x00000000d5580000, 0x00000000d8d80000, 0x0000000100000000)
  eden space 19456K, 0% used [0x00000000d5580000,0x00000000d5580000,0x00000000d6880000)
  from space 18432K, 99% used [0x00000000d7b80000,0x00000000d8d53610,0x00000000d8d80000)
  to   space 18944K, 0% used [0x00000000d6880000,0x00000000d6880000,0x00000000d7b00000)
 ParOldGen       total 343040K, used 342717K [0x0000000080000000, 0x0000000094f00000, 0x00000000d5580000)
  object space 343040K, 99% used [0x0000000080000000,0x0000000094eaf638,0x0000000094f00000)
 Metaspace       used 66679K, committed 68160K, reserved 1114112K
  class space    used 7184K, committed 7808K, reserved 1048576K
}

